<?xml version='1.0' encoding='UTF-8'?>
<testsuite hostname="SEMAL-M-VHGXDRJ" name="com.github.morotsman.lote.internal.interpreter.nconsole.NConsoleInterpreterSpec" tests="22" errors="0" failures="0" skipped="0" time="0.034" timestamp="2026-07-16T17:04:29">
          <properties>
[...]
</properties>
          <testcase classname="com.github.morotsman.lote.internal.interpreter.nconsole.NConsoleInterpreterSpec" name="read returns Character for normal input" time="0.006">
                      
                    </testcase><testcase classname="com.github.morotsman.lote.internal.interpreter.nconsole.NConsoleInterpreterSpec" name="read returns Key(Space) for space input" time="0.001">
                      
                    </testcase><testcase classname="com.github.morotsman.lote.internal.interpreter.nconsole.NConsoleInterpreterSpec" name="read returns Key(Right) for escape sequence" time="0.0">
                      
                    </testcase><testcase classname="com.github.morotsman.lote.internal.interpreter.nconsole.NConsoleInterpreterSpec" name="read returns Key(Left) for escape sequence" time="0.001">
                      
                    </testcase><testcase classname="com.github.morotsman.lote.internal.interpreter.nconsole.NConsoleInterpreterSpec" name="read returns Key(Up) for escape sequence" time="0.0">
                      
                    </testcase><testcase classname="com.github.morotsman.lote.internal.interpreter.nconsole.NConsoleInterpreterSpec" name="read returns Key(Down) for escape sequence" time="0.001">
                      
                    </testcase><testcase classname="com.github.morotsman.lote.internal.interpreter.nconsole.NConsoleInterpreterSpec" name="read returns Key(Esc) for bare escape" time="0.001">
                      
                    </testcase><testcase classname="com.github.morotsman.lote.internal.interpreter.nconsole.NConsoleInterpreterSpec" name="read returns Key(Unknown) for unrecognized escape sequence" time="0.0">
                      
                    </testcase><testcase classname="com.github.morotsman.lote.internal.interpreter.nconsole.NConsoleInterpreterSpec" name="read returns Key(Timeout) for 65534" time="0.001">
                      
                    </testcase><testcase classname="com.github.morotsman.lote.internal.interpreter.nconsole.NConsoleInterpreterSpec" name="alignText aligns content and returns ScreenAdjusted" time="0.003">
                      
                    </testcase><testcase classname="com.github.morotsman.lote.internal.interpreter.nconsole.NConsoleInterpreterSpec" name="alignText truncates lines that exceed terminal width" time="0.001">
                      
                    </testcase><testcase classname="com.github.morotsman.lote.internal.interpreter.nconsole.NConsoleInterpreterSpec" name="alignText truncates rows that exceed terminal height" time="0.001">
                      
                    </testcase><testcase classname="com.github.morotsman.lote.internal.interpreter.nconsole.NConsoleInterpreterSpec" name="writeString delegates to terminal.write" time="0.001">
                      
                    </testcase><testcase classname="com.github.morotsman.lote.internal.interpreter.nconsole.NConsoleInterpreterSpec" name="clear delegates to terminal.flush" time="0.0">
                      
                    </testcase><testcase classname="com.github.morotsman.lote.internal.interpreter.nconsole.NConsoleInterpreterSpec" name="context returns Screen with terminal dimensions" time="0.001">
                      
                    </testcase><testcase classname="com.github.morotsman.lote.internal.interpreter.nconsole.NConsoleInterpreterSpec" name="readInterruptible returns first non-timeout input" time="0.0">
                      
                    </testcase><testcase classname="com.github.morotsman.lote.internal.interpreter.nconsole.NConsoleInterpreterSpec" name="read returns MouseClick for SGR mouse click sequence" time="0.01">
                      
                    </testcase><testcase classname="com.github.morotsman.lote.internal.interpreter.nconsole.NConsoleInterpreterSpec" name="read returns MouseClick for right mouse button" time="0.002">
                      
                    </testcase><testcase classname="com.github.morotsman.lote.internal.interpreter.nconsole.NConsoleInterpreterSpec" name="read returns MouseMove for SGR mouse move sequence" time="0.002">
                      
                    </testcase><testcase classname="com.github.morotsman.lote.internal.interpreter.nconsole.NConsoleInterpreterSpec" name="read returns MouseMove for motion with left button held" time="0.001">
                      
                    </testcase><testcase classname="com.github.morotsman.lote.internal.interpreter.nconsole.NConsoleInterpreterSpec" name="read returns Unknown for mouse button release" time="0.0">
                      
                    </testcase><testcase classname="com.github.morotsman.lote.internal.interpreter.nconsole.NConsoleInterpreterSpec" name="close calls terminal.close" time="0.001">
                      
                    </testcase>
          <system-out><![CDATA[]]></system-out>
          <system-err><![CDATA[]]></system-err>
        </testsuite>