<?xml version='1.0' encoding='UTF-8'?>
<testsuite hostname="SEMAL-M-VHGXDRJ" name="com.github.morotsman.lote.api.builders.SessionBuilderSpec" tests="23" errors="0" failures="0" skipped="0" time="0.047" timestamp="2026-07-16T17:04:28">
          <properties>
[...]
</properties>
          <testcase classname="com.github.morotsman.lote.api.builders.SessionBuilderSpec" name="fpsToDuration converts 60 FPS to about 16.67 ms" time="0.008">
                      
                    </testcase><testcase classname="com.github.morotsman.lote.api.builders.SessionBuilderSpec" name="fpsToDuration converts 25 FPS to 40 ms" time="0.001">
                      
                    </testcase><testcase classname="com.github.morotsman.lote.api.builders.SessionBuilderSpec" name="fpsToDuration converts 1 FPS to 1 second" time="0.0">
                      
                    </testcase><testcase classname="com.github.morotsman.lote.api.builders.SessionBuilderSpec" name="withFrameRate rejects zero" time="0.024">
                      
                    </testcase><testcase classname="com.github.morotsman.lote.api.builders.SessionBuilderSpec" name="withFrameRate rejects negative" time="0.0">
                      
                    </testcase><testcase classname="com.github.morotsman.lote.api.builders.SessionBuilderSpec" name="withFrameRate rejects NaN" time="0.001">
                      
                    </testcase><testcase classname="com.github.morotsman.lote.api.builders.SessionBuilderSpec" name="withFrameRate rejects Infinity" time="0.0">
                      
                    </testcase><testcase classname="com.github.morotsman.lote.api.builders.SessionBuilderSpec" name="withAnimationFrameRate rejects non-positive values" time="0.0">
                      
                    </testcase><testcase classname="com.github.morotsman.lote.api.builders.SessionBuilderSpec" name="withAnimationStep rejects zero duration" time="0.001">
                      
                    </testcase><testcase classname="com.github.morotsman.lote.api.builders.SessionBuilderSpec" name="withFrameRate accepts typical values without error" time="0.0">
                      
                    </testcase><testcase classname="com.github.morotsman.lote.api.builders.SessionBuilderSpec" name="withAnimationFrameRate accepts typical values without error" time="0.0">
                      
                    </testcase><testcase classname="com.github.morotsman.lote.api.builders.SessionBuilderSpec" name="fresh builder has no features registered" time="0.0">
                      
                    </testcase><testcase classname="com.github.morotsman.lote.api.builders.SessionBuilderSpec" name="withTimer registers one feature" time="0.0">
                      
                    </testcase><testcase classname="com.github.morotsman.lote.api.builders.SessionBuilderSpec" name="withProgressBar registers one feature" time="0.001">
                      
                    </testcase><testcase classname="com.github.morotsman.lote.api.builders.SessionBuilderSpec" name="withQuickNavigation registers one feature" time="0.001">
                      
                    </testcase><testcase classname="com.github.morotsman.lote.api.builders.SessionBuilderSpec" name="addOverlay(Overlay) registers one feature" time="0.004">
                      
                    </testcase><testcase classname="com.github.morotsman.lote.api.builders.SessionBuilderSpec" name="addOverlay(F[Overlay]) registers one feature" time="0.0">
                      
                    </testcase><testcase classname="com.github.morotsman.lote.api.builders.SessionBuilderSpec" name="chaining multiple features accumulates them in order" time="0.001">
                      
                    </testcase><testcase classname="com.github.morotsman.lote.api.builders.SessionBuilderSpec" name="withIdleAnimation does not register a feature (handled separately)" time="0.0">
                      
                    </testcase><testcase classname="com.github.morotsman.lote.api.builders.SessionBuilderSpec" name="addTextSlide accepts a direct builder lambda" time="0.002">
                      
                    </testcase><testcase classname="com.github.morotsman.lote.api.builders.SessionBuilderSpec" name="addTextSlide accepts staged text content" time="0.0">
                      
                    </testcase><testcase classname="com.github.morotsman.lote.api.builders.SessionBuilderSpec" name="addSlideF can build slides from an effectful custom slide" time="0.002">
                      
                    </testcase><testcase classname="com.github.morotsman.lote.api.builders.SessionBuilderSpec" name="run() requires at least one slide" time="0.001">
                      
                    </testcase>
          <system-out><![CDATA[]]></system-out>
          <system-err><![CDATA[]]></system-err>
        </testsuite>