<?xml version='1.0' encoding='UTF-8'?>
<testsuite hostname="SEMAL-M-VHGXDRJ" name="com.github.morotsman.lote.testkit.TestFrameworkShowcaseSpec" tests="23" errors="0" failures="0" skipped="0" time="0.042" timestamp="2026-07-16T17:04:29">
          <properties>
[...]
</properties>
          <testcase classname="com.github.morotsman.lote.testkit.TestFrameworkShowcaseSpec" name="TestConsole — writing and reading back frames" time="0.002">
                      
                    </testcase><testcase classname="com.github.morotsman.lote.testkit.TestFrameworkShowcaseSpec" name="TestConsole — pre-loaded user inputs" time="0.001">
                      
                    </testcase><testcase classname="com.github.morotsman.lote.testkit.TestFrameworkShowcaseSpec" name="TestConsole — enqueueInputs adds inputs mid-test" time="0.0">
                      
                    </testcase><testcase classname="com.github.morotsman.lote.testkit.TestFrameworkShowcaseSpec" name="TestConsole — clear count tracks how often the screen was cleared" time="0.001">
                      
                    </testcase><testcase classname="com.github.morotsman.lote.testkit.TestFrameworkShowcaseSpec" name="TestConsole — reset clears all recorded state" time="0.0">
                      
                    </testcase><testcase classname="com.github.morotsman.lote.testkit.TestFrameworkShowcaseSpec" name="SimulatedClock — starts at zero and advances on demand" time="0.001">
                      
                    </testcase><testcase classname="com.github.morotsman.lote.testkit.TestFrameworkShowcaseSpec" name="SimulatedClock — set() jumps to an absolute time" time="0.0">
                      
                    </testcase><testcase classname="com.github.morotsman.lote.testkit.TestFrameworkShowcaseSpec" name="FixedStep — standalone with explicit clock wiring" time="0.001">
                      
                    </testcase><testcase classname="com.github.morotsman.lote.testkit.TestFrameworkShowcaseSpec" name="FixedStep — via harness (clock is shared with ticker)" time="0.001">
                      
                    </testcase><testcase classname="com.github.morotsman.lote.testkit.TestFrameworkShowcaseSpec" name="FixedStep — accumulates remainder across calls" time="0.0">
                      
                    </testcase><testcase classname="com.github.morotsman.lote.testkit.TestFrameworkShowcaseSpec" name="TestTicker — subscribers fire on each manual tick" time="0.001">
                      
                    </testcase><testcase classname="com.github.morotsman.lote.testkit.TestFrameworkShowcaseSpec" name="TestTicker — cancelling a subscription stops callbacks" time="0.001">
                      
                    </testcase><testcase classname="com.github.morotsman.lote.testkit.TestFrameworkShowcaseSpec" name="TestTicker — subscriberCount tracks active subscriptions" time="0.001">
                      
                    </testcase><testcase classname="com.github.morotsman.lote.testkit.TestFrameworkShowcaseSpec" name="SlideTestHarness — create and inspect the bundled components" time="0.001">
                      
                    </testcase><testcase classname="com.github.morotsman.lote.testkit.TestFrameworkShowcaseSpec" name="SlideTestHarness — custom animationStep independent of tickStep" time="0.0">
                      
                    </testcase><testcase classname="com.github.morotsman.lote.testkit.TestFrameworkShowcaseSpec" name="Testing a Slide — startShow, tick, assert, stopShow" time="0.003">
                      
                    </testcase><testcase classname="com.github.morotsman.lote.testkit.TestFrameworkShowcaseSpec" name="fixedSlide — returns constant content with no-op lifecycle" time="0.0">
                      
                    </testcase><testcase classname="com.github.morotsman.lote.testkit.TestFrameworkShowcaseSpec" name="runWithTicking — drives a blocking operation to completion" time="0.02">
                      
                    </testcase><testcase classname="com.github.morotsman.lote.testkit.TestFrameworkShowcaseSpec" name="Testing an Overlay — applyOverlay in isolation" time="0.001">
                      
                    </testcase><testcase classname="com.github.morotsman.lote.testkit.TestFrameworkShowcaseSpec" name="Testing an Overlay — onUserInput updates state for applyOverlay" time="0.002">
                      
                    </testcase><testcase classname="com.github.morotsman.lote.testkit.TestFrameworkShowcaseSpec" name="Individual test doubles — mix and match as needed" time="0.001">
                      
                    </testcase><testcase classname="com.github.morotsman.lote.testkit.TestFrameworkShowcaseSpec" name="Multi-phase test — reset clears frames between phases" time="0.001">
                      
                    </testcase><testcase classname="com.github.morotsman.lote.testkit.TestFrameworkShowcaseSpec" name="readDelay — inputs are consumed with a pause between each" time="0.003">
                      
                    </testcase>
          <system-out><![CDATA[]]></system-out>
          <system-err><![CDATA[]]></system-err>
        </testsuite>