<?xml version='1.0' encoding='UTF-8'?>
<testsuite hostname="SEMAL-M-VHGXDRJ" name="com.github.morotsman.lote.internal.interpreter.IdleDetectorInterpreterSpec" tests="14" errors="0" failures="0" skipped="0" time="1.326" timestamp="2026-07-16T17:04:29">
          <properties>
[...]
</properties>
          <testcase classname="com.github.morotsman.lote.internal.interpreter.IdleDetectorInterpreterSpec" name="is not idle before timeout" time="0.002">
                      
                    </testcase><testcase classname="com.github.morotsman.lote.internal.interpreter.IdleDetectorInterpreterSpec" name="is idle after timeout elapses" time="0.101">
                      
                    </testcase><testcase classname="com.github.morotsman.lote.internal.interpreter.IdleDetectorInterpreterSpec" name="notifyActivity resets idle state" time="0.101">
                      
                    </testcase><testcase classname="com.github.morotsman.lote.internal.interpreter.IdleDetectorInterpreterSpec" name="onKeyPress resets idle state" time="0.102">
                      
                    </testcase><testcase classname="com.github.morotsman.lote.internal.interpreter.IdleDetectorInterpreterSpec" name="onContentChange with different content resets idle state" time="0.103">
                      
                    </testcase><testcase classname="com.github.morotsman.lote.internal.interpreter.IdleDetectorInterpreterSpec" name="onContentChange with same content does not reset idle state" time="0.078">
                      
                    </testcase><testcase classname="com.github.morotsman.lote.internal.interpreter.IdleDetectorInterpreterSpec" name="idleStartTime returns None when not idle" time="0.0">
                      
                    </testcase><testcase classname="com.github.morotsman.lote.internal.interpreter.IdleDetectorInterpreterSpec" name="idleStartTime returns Some when idle" time="0.111">
                      
                    </testcase><testcase classname="com.github.morotsman.lote.internal.interpreter.IdleDetectorInterpreterSpec" name="idleStartTime resets after notifyActivity" time="0.102">
                      
                    </testcase><testcase classname="com.github.morotsman.lote.internal.interpreter.IdleDetectorInterpreterSpec" name="becomes idle again after activity followed by another timeout" time="0.219">
                      
                    </testcase><testcase classname="com.github.morotsman.lote.internal.interpreter.IdleDetectorInterpreterSpec" name="onMouseClick resets idle state" time="0.103">
                      
                    </testcase><testcase classname="com.github.morotsman.lote.internal.interpreter.IdleDetectorInterpreterSpec" name="onMouseMove resets idle state" time="0.102">
                      
                    </testcase><testcase classname="com.github.morotsman.lote.internal.interpreter.IdleDetectorInterpreterSpec" name="onMouseClick resets idleStartTime" time="0.101">
                      
                    </testcase><testcase classname="com.github.morotsman.lote.internal.interpreter.IdleDetectorInterpreterSpec" name="onMouseMove resets idleStartTime" time="0.101">
                      
                    </testcase>
          <system-out><![CDATA[]]></system-out>
          <system-err><![CDATA[]]></system-err>
        </testsuite>