<?xml version='1.0' encoding='UTF-8'?>
<testsuite hostname="SEMAL-M-VHGXDRJ" name="com.github.morotsman.lote.internal.interpreter.PresentationExecutorCommandPatternSpec" tests="20" errors="0" failures="0" skipped="0" time="0.719" timestamp="2026-07-16T17:04:29">
          <properties>
[...]
</properties>
          <testcase classname="com.github.morotsman.lote.internal.interpreter.PresentationExecutorCommandPatternSpec" name="navigates right through all slides sequentially" time="0.038">
                      
                    </testcase><testcase classname="com.github.morotsman.lote.internal.interpreter.PresentationExecutorCommandPatternSpec" name="right at last slide stays on last slide" time="0.041">
                      
                    </testcase><testcase classname="com.github.morotsman.lote.internal.interpreter.PresentationExecutorCommandPatternSpec" name="navigates left back to previous slide" time="0.048">
                      
                    </testcase><testcase classname="com.github.morotsman.lote.internal.interpreter.PresentationExecutorCommandPatternSpec" name="left at first slide stays on first slide" time="0.025">
                      
                    </testcase><testcase classname="com.github.morotsman.lote.internal.interpreter.PresentationExecutorCommandPatternSpec" name="Esc terminates the execution loop" time="0.012">
                      
                    </testcase><testcase classname="com.github.morotsman.lote.internal.interpreter.PresentationExecutorCommandPatternSpec" name="startShow is called when entering a slide" time="0.013">
                      
                    </testcase><testcase classname="com.github.morotsman.lote.internal.interpreter.PresentationExecutorCommandPatternSpec" name="stopShow is called when navigating away from a slide" time="0.025">
                      
                    </testcase><testcase classname="com.github.morotsman.lote.internal.interpreter.PresentationExecutorCommandPatternSpec" name="non-navigation keys are forwarded to the current slide" time="0.025">
                      
                    </testcase><testcase classname="com.github.morotsman.lote.internal.interpreter.PresentationExecutorCommandPatternSpec" name="Character input is forwarded to current slide" time="0.026">
                      
                    </testcase><testcase classname="com.github.morotsman.lote.internal.interpreter.PresentationExecutorCommandPatternSpec" name="onSlideChange is called in order for each slide visited" time="0.049">
                      
                    </testcase><testcase classname="com.github.morotsman.lote.internal.interpreter.PresentationExecutorCommandPatternSpec" name="onSlideChange is not called when no navigation occurs" time="0.024">
                      
                    </testcase><testcase classname="com.github.morotsman.lote.internal.interpreter.PresentationExecutorCommandPatternSpec" name="setSlide navigates to the specified index on next loop iteration" time="0.025">
                      
                    </testcase><testcase classname="com.github.morotsman.lote.internal.interpreter.PresentationExecutorCommandPatternSpec" name="setSlide clamps to valid range (negative index)" time="0.013">
                      
                    </testcase><testcase classname="com.github.morotsman.lote.internal.interpreter.PresentationExecutorCommandPatternSpec" name="setSlide clamps to valid range (index beyond last)" time="0.014">
                      
                    </testcase><testcase classname="com.github.morotsman.lote.internal.interpreter.PresentationExecutorCommandPatternSpec" name="transition is played when navigating right with an out transition" time="0.035">
                      
                    </testcase><testcase classname="com.github.morotsman.lote.internal.interpreter.PresentationExecutorCommandPatternSpec" name="no transition is played when out is None" time="0.049">
                      
                    </testcase><testcase classname="com.github.morotsman.lote.internal.interpreter.PresentationExecutorCommandPatternSpec" name="screen is cleared on start and on each navigation" time="0.06">
                      
                    </testcase><testcase classname="com.github.morotsman.lote.internal.interpreter.PresentationExecutorCommandPatternSpec" name="single slide presentation handles all navigation gracefully" time="0.047">
                      
                    </testcase><testcase classname="com.github.morotsman.lote.internal.interpreter.PresentationExecutorCommandPatternSpec" name="MouseClick is forwarded to current slide" time="0.086">
                      
                    </testcase><testcase classname="com.github.morotsman.lote.internal.interpreter.PresentationExecutorCommandPatternSpec" name="rapid right-left-right navigation maintains correct slide index" time="0.064">
                      
                    </testcase>
          <system-out><![CDATA[]]></system-out>
          <system-err><![CDATA[]]></system-err>
        </testsuite>